0 info it worked if it ends with ok
1 verbose cli [ '/Users/Ksmike/.nvm/versions/node/v6.9.5/bin/node',
1 verbose cli   '/Users/Ksmike/.nvm/versions/node/v6.9.5/bin/npm',
1 verbose cli   'run',
1 verbose cli   'eject' ]
2 info using npm@3.10.10
3 info using node@v6.9.5
4 verbose run-script [ 'preeject', 'eject', 'posteject' ]
5 info lifecycle automatedfunk@1.8.4~preeject: automatedfunk@1.8.4
6 silly lifecycle automatedfunk@1.8.4~preeject: no script for preeject, continuing
7 info lifecycle automatedfunk@1.8.4~eject: automatedfunk@1.8.4
8 verbose lifecycle automatedfunk@1.8.4~eject: unsafe-perm in lifecycle true
9 verbose lifecycle automatedfunk@1.8.4~eject: PATH: /Users/Ksmike/.nvm/versions/node/v6.9.5/lib/node_modules/npm/bin/node-gyp-bin:/Users/Ksmike/github/AutomatedFunk/node_modules/.bin:/Library/Frameworks/Python.framework/Versions/3.5/bin:/opt/local/bin:/opt/local/sbin:/Users/Ksmike/.nvm/versions/node/v6.9.5/bin:/usr/local/bin:/usr/bin:/bin:/usr/sbin:/sbin
10 verbose lifecycle automatedfunk@1.8.4~eject: CWD: /Users/Ksmike/github/AutomatedFunk
11 silly lifecycle automatedfunk@1.8.4~eject: Args: [ '-c', 'react-scripts eject' ]
12 silly lifecycle automatedfunk@1.8.4~eject: Returned: code: 1  signal: null
13 info lifecycle automatedfunk@1.8.4~eject: Failed to exec eject script
14 verbose stack Error: automatedfunk@1.8.4 eject: `react-scripts eject`
14 verbose stack Exit status 1
14 verbose stack     at EventEmitter.<anonymous> (/Users/Ksmike/.nvm/versions/node/v6.9.5/lib/node_modules/npm/lib/utils/lifecycle.js:255:16)
14 verbose stack     at emitTwo (events.js:106:13)
14 verbose stack     at EventEmitter.emit (events.js:191:7)
14 verbose stack     at ChildProcess.<anonymous> (/Users/Ksmike/.nvm/versions/node/v6.9.5/lib/node_modules/npm/lib/utils/spawn.js:40:14)
14 verbose stack     at emitTwo (events.js:106:13)
14 verbose stack     at ChildProcess.emit (events.js:191:7)
14 verbose stack     at maybeClose (internal/child_process.js:877:16)
14 verbose stack     at Process.ChildProcess._handle.onexit (internal/child_process.js:226:5)
15 verbose pkgid automatedfunk@1.8.4
16 verbose cwd /Users/Ksmike/github/AutomatedFunk
17 error Darwin 16.7.0
18 error argv "/Users/Ksmike/.nvm/versions/node/v6.9.5/bin/node" "/Users/Ksmike/.nvm/versions/node/v6.9.5/bin/npm" "run" "eject"
19 error node v6.9.5
20 error npm  v3.10.10
21 error code ELIFECYCLE
22 error automatedfunk@1.8.4 eject: `react-scripts eject`
22 error Exit status 1
23 error Failed at the automatedfunk@1.8.4 eject script 'react-scripts eject'.
23 error Make sure you have the latest version of node.js and npm installed.
23 error If you do, this is most likely a problem with the automatedfunk package,
23 error not with npm itself.
23 error Tell the author that this fails on your system:
23 error     react-scripts eject
23 error You can get information on how to open an issue for this project with:
23 error     npm bugs automatedfunk
23 error Or if that isn't available, you can get their info via:
23 error     npm owner ls automatedfunk
23 error There is likely additional logging output above.
24 verbose exit [ 1, true ]
